[1.571s] Invoking command in '/home/antonio/ros2_ws/src/dynamic_follower': PYTHONPATH=/home/antonio/ros2_ws/build/dynamic_follower/prefix_override:/home/antonio/.local/lib/python3.10/site-packages/colcon_core/task/python/colcon_distutils_commands:/home/antonio/ros2_ws/install/dynamic_follower/lib/python3.10/site-packages:${PYTHONPATH} /usr/bin/python3 -W ignore:setup.py install is deprecated -W ignore:easy_install command is deprecated setup.py egg_info --egg-base ../../build/dynamic_follower build --build-base /home/antonio/ros2_ws/build/dynamic_follower/build install --record /home/antonio/ros2_ws/build/dynamic_follower/install.log --single-version-externally-managed install_data
[1.838s] running egg_info
[1.857s] writing ../../build/dynamic_follower/dynamic_follower.egg-info/PKG-INFO
[1.858s] writing dependency_links to ../../build/dynamic_follower/dynamic_follower.egg-info/dependency_links.txt
[1.858s] writing entry points to ../../build/dynamic_follower/dynamic_follower.egg-info/entry_points.txt
[1.858s] writing requirements to ../../build/dynamic_follower/dynamic_follower.egg-info/requires.txt
[1.859s] writing top-level names to ../../build/dynamic_follower/dynamic_follower.egg-info/top_level.txt
[1.898s] reading manifest file '../../build/dynamic_follower/dynamic_follower.egg-info/SOURCES.txt'
[1.900s] writing manifest file '../../build/dynamic_follower/dynamic_follower.egg-info/SOURCES.txt'
[1.900s] running build
[1.900s] running build_py
[1.900s] copying dynamic_follower/follower_simul.py -> /home/antonio/ros2_ws/build/dynamic_follower/build/lib/dynamic_follower
[1.901s] copying dynamic_follower/follower_node.py -> /home/antonio/ros2_ws/build/dynamic_follower/build/lib/dynamic_follower
[1.901s] copying dynamic_follower/__init__.py -> /home/antonio/ros2_ws/build/dynamic_follower/build/lib/dynamic_follower
[1.901s] copying dynamic_follower/turtle_goal_listener.py -> /home/antonio/ros2_ws/build/dynamic_follower/build/lib/dynamic_follower
[1.902s] copying dynamic_follower/goal_publisher.py -> /home/antonio/ros2_ws/build/dynamic_follower/build/lib/dynamic_follower
[1.902s] running install
[1.906s] running install_lib
[1.926s] copying /home/antonio/ros2_ws/build/dynamic_follower/build/lib/dynamic_follower/follower_simul.py -> /home/antonio/ros2_ws/install/dynamic_follower/lib/python3.10/site-packages/dynamic_follower
[1.927s] copying /home/antonio/ros2_ws/build/dynamic_follower/build/lib/dynamic_follower/follower_node.py -> /home/antonio/ros2_ws/install/dynamic_follower/lib/python3.10/site-packages/dynamic_follower
[1.927s] copying /home/antonio/ros2_ws/build/dynamic_follower/build/lib/dynamic_follower/goal_publisher.py -> /home/antonio/ros2_ws/install/dynamic_follower/lib/python3.10/site-packages/dynamic_follower
[1.932s] byte-compiling /home/antonio/ros2_ws/install/dynamic_follower/lib/python3.10/site-packages/dynamic_follower/follower_simul.py to follower_simul.cpython-310.pyc
[1.934s] byte-compiling /home/antonio/ros2_ws/install/dynamic_follower/lib/python3.10/site-packages/dynamic_follower/follower_node.py to follower_node.cpython-310.pyc
[1.934s] byte-compiling /home/antonio/ros2_ws/install/dynamic_follower/lib/python3.10/site-packages/dynamic_follower/goal_publisher.py to goal_publisher.cpython-310.pyc
[1.934s] running install_data
[1.941s] copying resource/dynamic_follower -> /home/antonio/ros2_ws/install/dynamic_follower/share/ament_index/resource_index/packages
[1.942s] copying package.xml -> /home/antonio/ros2_ws/install/dynamic_follower/share/dynamic_follower
[1.943s] copying launch/bringup.launch.py -> /home/antonio/ros2_ws/install/dynamic_follower/share/dynamic_follower/launch
[1.944s] running install_egg_info
[1.973s] removing '/home/antonio/ros2_ws/install/dynamic_follower/lib/python3.10/site-packages/dynamic_follower-0.0.1-py3.10.egg-info' (and everything under it)
[1.973s] Copying ../../build/dynamic_follower/dynamic_follower.egg-info to /home/antonio/ros2_ws/install/dynamic_follower/lib/python3.10/site-packages/dynamic_follower-0.0.1-py3.10.egg-info
[1.974s] running install_scripts
[2.134s] Installing follower_node script to /home/antonio/ros2_ws/install/dynamic_follower/lib/dynamic_follower
[2.134s] writing list of installed files to '/home/antonio/ros2_ws/build/dynamic_follower/install.log'
[2.155s] Invoked command in '/home/antonio/ros2_ws/src/dynamic_follower' returned '0': PYTHONPATH=/home/antonio/ros2_ws/build/dynamic_follower/prefix_override:/home/antonio/.local/lib/python3.10/site-packages/colcon_core/task/python/colcon_distutils_commands:/home/antonio/ros2_ws/install/dynamic_follower/lib/python3.10/site-packages:${PYTHONPATH} /usr/bin/python3 -W ignore:setup.py install is deprecated -W ignore:easy_install command is deprecated setup.py egg_info --egg-base ../../build/dynamic_follower build --build-base /home/antonio/ros2_ws/build/dynamic_follower/build install --record /home/antonio/ros2_ws/build/dynamic_follower/install.log --single-version-externally-managed install_data
