[2.249s] Invoking command in '/home/antonio/ros2_ws/src/dynamic_follower': PYTHONPATH=/home/antonio/ros2_ws/build/dynamic_follower/prefix_override:/home/antonio/.local/lib/python3.10/site-packages/colcon_core/task/python/colcon_distutils_commands:/home/antonio/ros2_ws/install/dynamic_follower/lib/python3.10/site-packages:${PYTHONPATH} /usr/bin/python3 -W ignore:setup.py install is deprecated -W ignore:easy_install command is deprecated setup.py egg_info --egg-base ../../build/dynamic_follower build --build-base /home/antonio/ros2_ws/build/dynamic_follower/build install --record /home/antonio/ros2_ws/build/dynamic_follower/install.log --single-version-externally-managed install_data
[2.510s] running egg_info
[2.528s] writing ../../build/dynamic_follower/dynamic_follower.egg-info/PKG-INFO
[2.529s] writing dependency_links to ../../build/dynamic_follower/dynamic_follower.egg-info/dependency_links.txt
[2.529s] writing entry points to ../../build/dynamic_follower/dynamic_follower.egg-info/entry_points.txt
[2.529s] writing requirements to ../../build/dynamic_follower/dynamic_follower.egg-info/requires.txt
[2.530s] writing top-level names to ../../build/dynamic_follower/dynamic_follower.egg-info/top_level.txt
[2.568s] reading manifest file '../../build/dynamic_follower/dynamic_follower.egg-info/SOURCES.txt'
[2.570s] writing manifest file '../../build/dynamic_follower/dynamic_follower.egg-info/SOURCES.txt'
[2.570s] running build
[2.570s] running build_py
[2.571s] copying dynamic_follower/follower_simul.py -> /home/antonio/ros2_ws/build/dynamic_follower/build/lib/dynamic_follower
[2.571s] copying dynamic_follower/follower_node.py -> /home/antonio/ros2_ws/build/dynamic_follower/build/lib/dynamic_follower
[2.571s] copying dynamic_follower/__init__.py -> /home/antonio/ros2_ws/build/dynamic_follower/build/lib/dynamic_follower
[2.571s] copying dynamic_follower/turtle_goal_listener.py -> /home/antonio/ros2_ws/build/dynamic_follower/build/lib/dynamic_follower
[2.571s] copying dynamic_follower/goal_publisher.py -> /home/antonio/ros2_ws/build/dynamic_follower/build/lib/dynamic_follower
[2.572s] running install
[2.576s] running install_lib
[2.598s] running install_data
[2.598s] copying resource/dynamic_follower -> /home/antonio/ros2_ws/install/dynamic_follower/share/ament_index/resource_index/packages
[2.599s] copying package.xml -> /home/antonio/ros2_ws/install/dynamic_follower/share/dynamic_follower
[2.599s] copying launch/bringup.launch.py -> /home/antonio/ros2_ws/install/dynamic_follower/share/dynamic_follower/launch
[2.599s] running install_egg_info
[2.619s] removing '/home/antonio/ros2_ws/install/dynamic_follower/lib/python3.10/site-packages/dynamic_follower-0.0.1-py3.10.egg-info' (and everything under it)
[2.619s] Copying ../../build/dynamic_follower/dynamic_follower.egg-info to /home/antonio/ros2_ws/install/dynamic_follower/lib/python3.10/site-packages/dynamic_follower-0.0.1-py3.10.egg-info
[2.620s] running install_scripts
[2.775s] Installing follower_node script to /home/antonio/ros2_ws/install/dynamic_follower/lib/dynamic_follower
[2.776s] writing list of installed files to '/home/antonio/ros2_ws/build/dynamic_follower/install.log'
[2.795s] Invoked command in '/home/antonio/ros2_ws/src/dynamic_follower' returned '0': PYTHONPATH=/home/antonio/ros2_ws/build/dynamic_follower/prefix_override:/home/antonio/.local/lib/python3.10/site-packages/colcon_core/task/python/colcon_distutils_commands:/home/antonio/ros2_ws/install/dynamic_follower/lib/python3.10/site-packages:${PYTHONPATH} /usr/bin/python3 -W ignore:setup.py install is deprecated -W ignore:easy_install command is deprecated setup.py egg_info --egg-base ../../build/dynamic_follower build --build-base /home/antonio/ros2_ws/build/dynamic_follower/build install --record /home/antonio/ros2_ws/build/dynamic_follower/install.log --single-version-externally-managed install_data
