[0.262s] Invoking command in '/home/antonio/ros2_ws/build/two_wheeled_robot': CMAKE_PREFIX_PATH=${CMAKE_PREFIX_PATH}:/home/antonio/ros2_ws/install/dynamic_follower:/opt/ros/humble /usr/bin/cmake /home/antonio/ros2_ws/src/two_wheeled_robot -DCMAKE_INSTALL_PREFIX=/home/antonio/ros2_ws/install/two_wheeled_robot
[1.505s] -- The C compiler identification is GNU 11.4.0
[2.196s] -- The CXX compiler identification is GNU 11.4.0
[2.269s] -- Detecting C compiler ABI info
[2.563s] -- Detecting C compiler ABI info - done
[2.576s] -- Check for working C compiler: /usr/bin/cc - skipped
[2.579s] -- Detecting C compile features
[2.582s] -- Detecting C compile features - done
[2.598s] -- Detecting CXX compiler ABI info
[2.761s] -- Detecting CXX compiler ABI info - done
[2.768s] -- Check for working CXX compiler: /usr/bin/c++ - skipped
[2.768s] -- Detecting CXX compile features
[2.768s] -- Detecting CXX compile features - done
[2.839s] -- Found ament_cmake: 1.3.11 (/opt/ros/humble/share/ament_cmake/cmake)
[3.320s] -- Found Python3: /usr/bin/python3 (found version "3.10.12") found components: Interpreter 
[3.529s] -- Found rclcpp: 16.0.11 (/opt/ros/humble/share/rclcpp/cmake)
[3.892s] -- Found rosidl_generator_c: 3.1.6 (/opt/ros/humble/share/rosidl_generator_c/cmake)
[3.908s] -- Found rosidl_adapter: 3.1.6 (/opt/ros/humble/share/rosidl_adapter/cmake)
[3.944s] -- Found rosidl_generator_cpp: 3.1.6 (/opt/ros/humble/share/rosidl_generator_cpp/cmake)
[4.030s] -- Using all available rosidl_typesupport_c: rosidl_typesupport_fastrtps_c;rosidl_typesupport_introspection_c
[4.107s] -- Using all available rosidl_typesupport_cpp: rosidl_typesupport_fastrtps_cpp;rosidl_typesupport_introspection_cpp
[4.303s] -- Found rmw_implementation_cmake: 6.1.2 (/opt/ros/humble/share/rmw_implementation_cmake/cmake)
[4.312s] -- Found rmw_fastrtps_cpp: 6.2.7 (/opt/ros/humble/share/rmw_fastrtps_cpp/cmake)
[4.762s] -- Found OpenSSL: /usr/lib/x86_64-linux-gnu/libcrypto.so (found version "3.0.2")  
[4.825s] -- Found FastRTPS: /opt/ros/humble/include  
[4.868s] -- Using RMW implementation 'rmw_fastrtps_cpp' as default
[4.925s] -- Looking for pthread.h
[5.153s] -- Looking for pthread.h - found
[5.153s] -- Performing Test CMAKE_HAVE_LIBC_PTHREAD
[5.320s] -- Performing Test CMAKE_HAVE_LIBC_PTHREAD - Success
[5.322s] -- Found Threads: TRUE  
[5.761s] -- Found rclpy: 3.3.15 (/opt/ros/humble/share/rclpy/cmake)
[5.795s] -- Found geometry_msgs: 4.2.4 (/opt/ros/humble/share/geometry_msgs/cmake)
[5.924s] -- Found nav_msgs: 4.2.4 (/opt/ros/humble/share/nav_msgs/cmake)
[6.039s] -- Found sensor_msgs: 4.2.4 (/opt/ros/humble/share/sensor_msgs/cmake)
[6.155s] -- Found action_msgs: 1.2.1 (/opt/ros/humble/share/action_msgs/cmake)
[6.422s] -- Found ament_lint_auto: 0.12.11 (/opt/ros/humble/share/ament_lint_auto/cmake)
[6.594s] -- Added test 'copyright' to check source files copyright and LICENSE
[7.299s] -- Added test 'flake8' to check Python code syntax and style conventions
[7.379s] -- Added test 'lint_cmake' to check CMake code style
[7.435s] -- Added test 'pep257' to check Python code against some of the docstring style conventions in PEP 257
[7.796s] -- Added test 'xmllint' to check XML markup files
[7.798s] -- Configuring done
[7.803s] -- Generating done
[7.806s] -- Build files have been written to: /home/antonio/ros2_ws/build/two_wheeled_robot
[7.815s] Invoked command in '/home/antonio/ros2_ws/build/two_wheeled_robot' returned '0': CMAKE_PREFIX_PATH=${CMAKE_PREFIX_PATH}:/home/antonio/ros2_ws/install/dynamic_follower:/opt/ros/humble /usr/bin/cmake /home/antonio/ros2_ws/src/two_wheeled_robot -DCMAKE_INSTALL_PREFIX=/home/antonio/ros2_ws/install/two_wheeled_robot
[7.816s] Invoking command in '/home/antonio/ros2_ws/build/two_wheeled_robot': CMAKE_PREFIX_PATH=${CMAKE_PREFIX_PATH}:/home/antonio/ros2_ws/install/dynamic_follower:/opt/ros/humble /usr/bin/cmake --build /home/antonio/ros2_ws/build/two_wheeled_robot -- -j6 -l6
[7.868s] Built target ament_cmake_python_copy_two_wheeled_robot
[8.087s] running egg_info
[8.107s] creating two_wheeled_robot.egg-info
[8.107s] writing two_wheeled_robot.egg-info/PKG-INFO
[8.107s] writing dependency_links to two_wheeled_robot.egg-info/dependency_links.txt
[8.108s] writing top-level names to two_wheeled_robot.egg-info/top_level.txt
[8.108s] writing manifest file 'two_wheeled_robot.egg-info/SOURCES.txt'
[8.165s] reading manifest file 'two_wheeled_robot.egg-info/SOURCES.txt'
[8.166s] writing manifest file 'two_wheeled_robot.egg-info/SOURCES.txt'
[8.189s] Built target ament_cmake_python_build_two_wheeled_robot_egg
[8.199s] Invoked command in '/home/antonio/ros2_ws/build/two_wheeled_robot' returned '0': CMAKE_PREFIX_PATH=${CMAKE_PREFIX_PATH}:/home/antonio/ros2_ws/install/dynamic_follower:/opt/ros/humble /usr/bin/cmake --build /home/antonio/ros2_ws/build/two_wheeled_robot -- -j6 -l6
[8.207s] Invoking command in '/home/antonio/ros2_ws/build/two_wheeled_robot': CMAKE_PREFIX_PATH=${CMAKE_PREFIX_PATH}:/home/antonio/ros2_ws/install/dynamic_follower:/opt/ros/humble /usr/bin/cmake --install /home/antonio/ros2_ws/build/two_wheeled_robot
[8.214s] -- Install configuration: ""
[8.214s] -- Installing: /home/antonio/ros2_ws/install/two_wheeled_robot/share/two_wheeled_robot/config
[8.214s] -- Installing: /home/antonio/ros2_ws/install/two_wheeled_robot/share/two_wheeled_robot/config/ekf_urdf.yaml
[8.215s] -- Installing: /home/antonio/ros2_ws/install/two_wheeled_robot/share/two_wheeled_robot/config/ekf.yaml
[8.215s] [31mCMake Error at cmake_install.cmake:46 (file):
[8.215s]   file INSTALL cannot find
[8.215s]   "/home/antonio/ros2_ws/src/two_wheeled_robot/include": No such file or
[8.215s]   directory.
[8.215s] 
[8.215s] [0m
[8.216s] Invoked command in '/home/antonio/ros2_ws/build/two_wheeled_robot' returned '1': CMAKE_PREFIX_PATH=${CMAKE_PREFIX_PATH}:/home/antonio/ros2_ws/install/dynamic_follower:/opt/ros/humble /usr/bin/cmake --install /home/antonio/ros2_ws/build/two_wheeled_robot
