[1.096s] DEBUG:colcon:Command line arguments: ['/home/antonio/.local/bin/colcon', 'build']
[1.097s] DEBUG:colcon:Parsed command line arguments: Namespace(log_base=None, log_level=None, verb_name='build', build_base='build', install_base='install', merge_install=False, symlink_install=False, test_result_base=None, continue_on_error=False, executor='parallel', parallel_workers=6, event_handlers=None, ignore_user_meta=False, metas=['./colcon.meta'], base_paths=['.'], packages_ignore=None, packages_ignore_regex=None, paths=None, packages_up_to=None, packages_up_to_regex=None, packages_above=None, packages_above_and_dependencies=None, packages_above_depth=None, packages_select_by_dep=None, packages_skip_by_dep=None, packages_skip_up_to=None, packages_select_build_failed=False, packages_skip_build_finished=False, packages_select_test_failures=False, packages_skip_test_passed=False, packages_select=None, packages_skip=None, packages_select_regex=None, packages_skip_regex=None, packages_start=None, packages_end=None, allow_overriding=[], cmake_args=None, cmake_target=None, cmake_target_skip_unavailable=False, cmake_clean_cache=False, cmake_clean_first=False, cmake_force_configure=False, ament_cmake_args=None, catkin_cmake_args=None, catkin_skip_building_tests=False, mixin_files=None, mixin=None, verb_parser=<colcon_mixin.mixin.mixin_argument.MixinArgumentDecorator object at 0x717c734ceda0>, verb_extension=<colcon_core.verb.build.BuildVerb object at 0x717c73608370>, main=<bound method BuildVerb.main of <colcon_core.verb.build.BuildVerb object at 0x717c73608370>>, mixin_verb=('build',))
[1.446s] Level 1:colcon.colcon_core.package_discovery:discover_packages(colcon_meta) check parameters
[1.446s] Level 1:colcon.colcon_core.package_discovery:discover_packages(recursive) check parameters
[1.446s] Level 1:colcon.colcon_core.package_discovery:discover_packages(ignore) check parameters
[1.446s] Level 1:colcon.colcon_core.package_discovery:discover_packages(path) check parameters
[1.446s] Level 1:colcon.colcon_core.package_discovery:discover_packages(colcon_meta) discover
[1.446s] Level 1:colcon.colcon_core.package_discovery:discover_packages(recursive) discover
[1.446s] INFO:colcon.colcon_core.package_discovery:Crawling recursively for packages in '/home/antonio/ros2_ws'
[1.446s] Level 1:colcon.colcon_core.package_identification:_identify(.) by extensions ['ignore', 'ignore_ament_install']
[1.446s] Level 1:colcon.colcon_core.package_identification:_identify(.) by extension 'ignore'
[1.446s] Level 1:colcon.colcon_core.package_identification:_identify(.) by extension 'ignore_ament_install'
[1.446s] Level 1:colcon.colcon_core.package_identification:_identify(.) by extensions ['colcon_pkg']
[1.446s] Level 1:colcon.colcon_core.package_identification:_identify(.) by extension 'colcon_pkg'
[1.446s] Level 1:colcon.colcon_core.package_identification:_identify(.) by extensions ['colcon_meta']
[1.447s] Level 1:colcon.colcon_core.package_identification:_identify(.) by extension 'colcon_meta'
[1.447s] Level 1:colcon.colcon_core.package_identification:_identify(.) by extensions ['ros']
[1.447s] Level 1:colcon.colcon_core.package_identification:_identify(.) by extension 'ros'
[1.542s] Level 1:colcon.colcon_core.package_identification:_identify(.) by extensions ['cmake', 'python']
[1.542s] Level 1:colcon.colcon_core.package_identification:_identify(.) by extension 'cmake'
[1.543s] Level 1:colcon.colcon_core.package_identification:_identify(.) by extension 'python'
[1.543s] Level 1:colcon.colcon_core.package_identification:_identify(.) by extensions ['python_setup_py']
[1.543s] Level 1:colcon.colcon_core.package_identification:_identify(.) by extension 'python_setup_py'
[1.544s] Level 1:colcon.colcon_core.package_identification:_identify(build) by extensions ['ignore', 'ignore_ament_install']
[1.544s] Level 1:colcon.colcon_core.package_identification:_identify(build) by extension 'ignore'
[1.544s] Level 1:colcon.colcon_core.package_identification:_identify(build) ignored
[1.545s] Level 1:colcon.colcon_core.package_identification:_identify(install) by extensions ['ignore', 'ignore_ament_install']
[1.545s] Level 1:colcon.colcon_core.package_identification:_identify(install) by extension 'ignore'
[1.545s] Level 1:colcon.colcon_core.package_identification:_identify(install) ignored
[1.545s] Level 1:colcon.colcon_core.package_identification:_identify(log) by extensions ['ignore', 'ignore_ament_install']
[1.546s] Level 1:colcon.colcon_core.package_identification:_identify(log) by extension 'ignore'
[1.546s] Level 1:colcon.colcon_core.package_identification:_identify(log) ignored
[1.546s] Level 1:colcon.colcon_core.package_identification:_identify(src) by extensions ['ignore', 'ignore_ament_install']
[1.546s] Level 1:colcon.colcon_core.package_identification:_identify(src) by extension 'ignore'
[1.546s] Level 1:colcon.colcon_core.package_identification:_identify(src) by extension 'ignore_ament_install'
[1.546s] Level 1:colcon.colcon_core.package_identification:_identify(src) by extensions ['colcon_pkg']
[1.546s] Level 1:colcon.colcon_core.package_identification:_identify(src) by extension 'colcon_pkg'
[1.546s] Level 1:colcon.colcon_core.package_identification:_identify(src) by extensions ['colcon_meta']
[1.546s] Level 1:colcon.colcon_core.package_identification:_identify(src) by extension 'colcon_meta'
[1.547s] Level 1:colcon.colcon_core.package_identification:_identify(src) by extensions ['ros']
[1.547s] Level 1:colcon.colcon_core.package_identification:_identify(src) by extension 'ros'
[1.547s] Level 1:colcon.colcon_core.package_identification:_identify(src) by extensions ['cmake', 'python']
[1.547s] Level 1:colcon.colcon_core.package_identification:_identify(src) by extension 'cmake'
[1.547s] Level 1:colcon.colcon_core.package_identification:_identify(src) by extension 'python'
[1.547s] Level 1:colcon.colcon_core.package_identification:_identify(src) by extensions ['python_setup_py']
[1.547s] Level 1:colcon.colcon_core.package_identification:_identify(src) by extension 'python_setup_py'
[1.548s] Level 1:colcon.colcon_core.package_identification:_identify(src/dynamic_follower) by extensions ['ignore', 'ignore_ament_install']
[1.548s] Level 1:colcon.colcon_core.package_identification:_identify(src/dynamic_follower) by extension 'ignore'
[1.548s] Level 1:colcon.colcon_core.package_identification:_identify(src/dynamic_follower) by extension 'ignore_ament_install'
[1.548s] Level 1:colcon.colcon_core.package_identification:_identify(src/dynamic_follower) by extensions ['colcon_pkg']
[1.548s] Level 1:colcon.colcon_core.package_identification:_identify(src/dynamic_follower) by extension 'colcon_pkg'
[1.548s] Level 1:colcon.colcon_core.package_identification:_identify(src/dynamic_follower) by extensions ['colcon_meta']
[1.548s] Level 1:colcon.colcon_core.package_identification:_identify(src/dynamic_follower) by extension 'colcon_meta'
[1.548s] Level 1:colcon.colcon_core.package_identification:_identify(src/dynamic_follower) by extensions ['ros']
[1.548s] Level 1:colcon.colcon_core.package_identification:_identify(src/dynamic_follower) by extension 'ros'
[1.558s] DEBUG:colcon.colcon_core.package_identification:Package 'src/dynamic_follower' with type 'ros.ament_python' and name 'dynamic_follower'
[1.558s] Level 1:colcon.colcon_core.package_identification:_identify(src/two_wheeled_robot) by extensions ['ignore', 'ignore_ament_install']
[1.558s] Level 1:colcon.colcon_core.package_identification:_identify(src/two_wheeled_robot) by extension 'ignore'
[1.558s] Level 1:colcon.colcon_core.package_identification:_identify(src/two_wheeled_robot) by extension 'ignore_ament_install'
[1.559s] Level 1:colcon.colcon_core.package_identification:_identify(src/two_wheeled_robot) by extensions ['colcon_pkg']
[1.559s] Level 1:colcon.colcon_core.package_identification:_identify(src/two_wheeled_robot) by extension 'colcon_pkg'
[1.559s] Level 1:colcon.colcon_core.package_identification:_identify(src/two_wheeled_robot) by extensions ['colcon_meta']
[1.559s] Level 1:colcon.colcon_core.package_identification:_identify(src/two_wheeled_robot) by extension 'colcon_meta'
[1.559s] Level 1:colcon.colcon_core.package_identification:_identify(src/two_wheeled_robot) by extensions ['ros']
[1.559s] Level 1:colcon.colcon_core.package_identification:_identify(src/two_wheeled_robot) by extension 'ros'
[1.560s] DEBUG:colcon.colcon_core.package_identification:Package 'src/two_wheeled_robot' with type 'ros.ament_cmake' and name 'two_wheeled_robot'
[1.560s] Level 1:colcon.colcon_core.package_discovery:discover_packages(recursive) using defaults
[1.560s] Level 1:colcon.colcon_core.package_discovery:discover_packages(ignore) discover
[1.560s] Level 1:colcon.colcon_core.package_discovery:discover_packages(ignore) using defaults
[1.560s] Level 1:colcon.colcon_core.package_discovery:discover_packages(path) discover
[1.560s] Level 1:colcon.colcon_core.package_discovery:discover_packages(path) using defaults
[1.611s] Level 1:colcon.colcon_core.package_discovery:discover_packages(prefix_path) check parameters
[1.611s] Level 1:colcon.colcon_core.package_discovery:discover_packages(prefix_path) discover
[1.614s] WARNING:colcon.colcon_core.prefix_path.colcon:The path '/home/antonio/ros2_ws/src/install' in the environment variable COLCON_PREFIX_PATH doesn't exist
[1.614s] WARNING:colcon.colcon_ros.prefix_path.ament:The path '/home/antonio/ros2_ws/src/install/dynamic_follower' in the environment variable AMENT_PREFIX_PATH doesn't exist
[1.615s] WARNING:colcon.colcon_ros.prefix_path.catkin:The path '/home/antonio/ros2_ws/src/install/dynamic_follower' in the environment variable CMAKE_PREFIX_PATH doesn't exist
[1.620s] DEBUG:colcon.colcon_installed_package_information.package_discovery:Found 1 installed packages in /home/antonio/ros2_ws/install
[1.630s] DEBUG:colcon.colcon_installed_package_information.package_discovery:Found 328 installed packages in /opt/ros/humble
[1.636s] Level 1:colcon.colcon_core.package_discovery:discover_packages(prefix_path) using defaults
[2.210s] Level 5:colcon.colcon_core.verb:set package 'dynamic_follower' build argument 'cmake_args' from command line to 'None'
[2.210s] Level 5:colcon.colcon_core.verb:set package 'dynamic_follower' build argument 'cmake_target' from command line to 'None'
[2.210s] Level 5:colcon.colcon_core.verb:set package 'dynamic_follower' build argument 'cmake_target_skip_unavailable' from command line to 'False'
[2.210s] Level 5:colcon.colcon_core.verb:set package 'dynamic_follower' build argument 'cmake_clean_cache' from command line to 'False'
[2.210s] Level 5:colcon.colcon_core.verb:set package 'dynamic_follower' build argument 'cmake_clean_first' from command line to 'False'
[2.210s] Level 5:colcon.colcon_core.verb:set package 'dynamic_follower' build argument 'cmake_force_configure' from command line to 'False'
[2.210s] Level 5:colcon.colcon_core.verb:set package 'dynamic_follower' build argument 'ament_cmake_args' from command line to 'None'
[2.210s] Level 5:colcon.colcon_core.verb:set package 'dynamic_follower' build argument 'catkin_cmake_args' from command line to 'None'
[2.210s] Level 5:colcon.colcon_core.verb:set package 'dynamic_follower' build argument 'catkin_skip_building_tests' from command line to 'False'
[2.210s] DEBUG:colcon.colcon_core.verb:Building package 'dynamic_follower' with the following arguments: {'ament_cmake_args': None, 'build_base': '/home/antonio/ros2_ws/build/dynamic_follower', 'catkin_cmake_args': None, 'catkin_skip_building_tests': False, 'cmake_args': None, 'cmake_clean_cache': False, 'cmake_clean_first': False, 'cmake_force_configure': False, 'cmake_target': None, 'cmake_target_skip_unavailable': False, 'install_base': '/home/antonio/ros2_ws/install/dynamic_follower', 'merge_install': False, 'path': '/home/antonio/ros2_ws/src/dynamic_follower', 'symlink_install': False, 'test_result_base': None}
[2.210s] Level 5:colcon.colcon_core.verb:set package 'two_wheeled_robot' build argument 'cmake_args' from command line to 'None'
[2.210s] Level 5:colcon.colcon_core.verb:set package 'two_wheeled_robot' build argument 'cmake_target' from command line to 'None'
[2.210s] Level 5:colcon.colcon_core.verb:set package 'two_wheeled_robot' build argument 'cmake_target_skip_unavailable' from command line to 'False'
[2.210s] Level 5:colcon.colcon_core.verb:set package 'two_wheeled_robot' build argument 'cmake_clean_cache' from command line to 'False'
[2.210s] Level 5:colcon.colcon_core.verb:set package 'two_wheeled_robot' build argument 'cmake_clean_first' from command line to 'False'
[2.210s] Level 5:colcon.colcon_core.verb:set package 'two_wheeled_robot' build argument 'cmake_force_configure' from command line to 'False'
[2.210s] Level 5:colcon.colcon_core.verb:set package 'two_wheeled_robot' build argument 'ament_cmake_args' from command line to 'None'
[2.210s] Level 5:colcon.colcon_core.verb:set package 'two_wheeled_robot' build argument 'catkin_cmake_args' from command line to 'None'
[2.210s] Level 5:colcon.colcon_core.verb:set package 'two_wheeled_robot' build argument 'catkin_skip_building_tests' from command line to 'False'
[2.210s] DEBUG:colcon.colcon_core.verb:Building package 'two_wheeled_robot' with the following arguments: {'ament_cmake_args': None, 'build_base': '/home/antonio/ros2_ws/build/two_wheeled_robot', 'catkin_cmake_args': None, 'catkin_skip_building_tests': False, 'cmake_args': None, 'cmake_clean_cache': False, 'cmake_clean_first': False, 'cmake_force_configure': False, 'cmake_target': None, 'cmake_target_skip_unavailable': False, 'install_base': '/home/antonio/ros2_ws/install/two_wheeled_robot', 'merge_install': False, 'path': '/home/antonio/ros2_ws/src/two_wheeled_robot', 'symlink_install': False, 'test_result_base': None}
[2.211s] INFO:colcon.colcon_core.executor:Executing jobs using 'parallel' executor
[2.211s] DEBUG:colcon.colcon_parallel_executor.executor.parallel:run_until_complete
[2.212s] INFO:colcon.colcon_ros.task.ament_python.build:Building ROS package in '/home/antonio/ros2_ws/src/dynamic_follower' with build type 'ament_python'
[2.212s] Level 1:colcon.colcon_core.shell:create_environment_hook('dynamic_follower', 'ament_prefix_path')
[2.239s] INFO:colcon.colcon_core.plugin_system:Skipping extension 'colcon_core.shell.bat': Not used on non-Windows systems
[2.239s] INFO:colcon.colcon_core.shell:Creating environment hook '/home/antonio/ros2_ws/install/dynamic_follower/share/dynamic_follower/hook/ament_prefix_path.ps1'
[2.241s] INFO:colcon.colcon_core.shell:Creating environment descriptor '/home/antonio/ros2_ws/install/dynamic_follower/share/dynamic_follower/hook/ament_prefix_path.dsv'
[2.244s] INFO:colcon.colcon_core.shell:Creating environment hook '/home/antonio/ros2_ws/install/dynamic_follower/share/dynamic_follower/hook/ament_prefix_path.sh'
[2.249s] INFO:colcon.colcon_core.shell:Skip shell extension 'powershell' for command environment: Not usable outside of PowerShell
[2.249s] DEBUG:colcon.colcon_core.shell:Skip shell extension 'dsv' for command environment
[2.259s] INFO:colcon.colcon_ros.task.ament_cmake.build:Building ROS package in '/home/antonio/ros2_ws/src/two_wheeled_robot' with build type 'ament_cmake'
[2.259s] INFO:colcon.colcon_cmake.task.cmake.build:Building CMake package in '/home/antonio/ros2_ws/src/two_wheeled_robot'
[2.260s] INFO:colcon.colcon_core.shell:Skip shell extension 'powershell' for command environment: Not usable outside of PowerShell
[2.260s] DEBUG:colcon.colcon_core.shell:Skip shell extension 'dsv' for command environment
[2.501s] INFO:colcon.colcon_core.task.python.build:Building Python package in '/home/antonio/ros2_ws/src/dynamic_follower'
[2.502s] INFO:colcon.colcon_core.shell:Skip shell extension 'powershell' for command environment: Not usable outside of PowerShell
[2.502s] DEBUG:colcon.colcon_core.shell:Skip shell extension 'dsv' for command environment
[2.523s] DEBUG:colcon.colcon_core.event_handler.log_command:Invoking command in '/home/antonio/ros2_ws/build/two_wheeled_robot': CMAKE_PREFIX_PATH=${CMAKE_PREFIX_PATH}:/home/antonio/ros2_ws/install/dynamic_follower:/opt/ros/humble /usr/bin/cmake /home/antonio/ros2_ws/src/two_wheeled_robot -DCMAKE_INSTALL_PREFIX=/home/antonio/ros2_ws/install/two_wheeled_robot
[6.084s] DEBUG:colcon.colcon_core.event_handler.log_command:Invoking command in '/home/antonio/ros2_ws/src/dynamic_follower': PYTHONPATH=/home/antonio/ros2_ws/build/dynamic_follower/prefix_override:/home/antonio/.local/lib/python3.10/site-packages/colcon_core/task/python/colcon_distutils_commands:/home/antonio/ros2_ws/install/dynamic_follower/lib/python3.10/site-packages:${PYTHONPATH} /usr/bin/python3 -W ignore:setup.py install is deprecated -W ignore:easy_install command is deprecated setup.py egg_info --egg-base ../../build/dynamic_follower build --build-base /home/antonio/ros2_ws/build/dynamic_follower/build install --record /home/antonio/ros2_ws/build/dynamic_follower/install.log --single-version-externally-managed install_data
[6.665s] DEBUG:colcon.colcon_core.event_handler.log_command:Invoked command in '/home/antonio/ros2_ws/src/dynamic_follower' returned '0': PYTHONPATH=/home/antonio/ros2_ws/build/dynamic_follower/prefix_override:/home/antonio/.local/lib/python3.10/site-packages/colcon_core/task/python/colcon_distutils_commands:/home/antonio/ros2_ws/install/dynamic_follower/lib/python3.10/site-packages:${PYTHONPATH} /usr/bin/python3 -W ignore:setup.py install is deprecated -W ignore:easy_install command is deprecated setup.py egg_info --egg-base ../../build/dynamic_follower build --build-base /home/antonio/ros2_ws/build/dynamic_follower/build install --record /home/antonio/ros2_ws/build/dynamic_follower/install.log --single-version-externally-managed install_data
[6.707s] Level 1:colcon.colcon_core.environment:checking '/home/antonio/ros2_ws/install/dynamic_follower' for CMake module files
[6.711s] Level 1:colcon.colcon_core.environment:checking '/home/antonio/ros2_ws/install/dynamic_follower' for CMake config files
[6.716s] Level 1:colcon.colcon_core.environment:checking '/home/antonio/ros2_ws/install/dynamic_follower/lib'
[6.716s] Level 1:colcon.colcon_core.environment:checking '/home/antonio/ros2_ws/install/dynamic_follower/bin'
[6.717s] Level 1:colcon.colcon_core.environment:checking '/home/antonio/ros2_ws/install/dynamic_follower/lib/pkgconfig/dynamic_follower.pc'
[6.717s] Level 1:colcon.colcon_core.environment:checking '/home/antonio/ros2_ws/install/dynamic_follower/lib/python3.10/site-packages'
[6.718s] Level 1:colcon.colcon_core.shell:create_environment_hook('dynamic_follower', 'pythonpath')
[6.718s] INFO:colcon.colcon_core.shell:Creating environment hook '/home/antonio/ros2_ws/install/dynamic_follower/share/dynamic_follower/hook/pythonpath.ps1'
[6.720s] INFO:colcon.colcon_core.shell:Creating environment descriptor '/home/antonio/ros2_ws/install/dynamic_follower/share/dynamic_follower/hook/pythonpath.dsv'
[6.721s] INFO:colcon.colcon_core.shell:Creating environment hook '/home/antonio/ros2_ws/install/dynamic_follower/share/dynamic_follower/hook/pythonpath.sh'
[6.722s] Level 1:colcon.colcon_core.environment:checking '/home/antonio/ros2_ws/install/dynamic_follower/bin'
[6.723s] Level 1:colcon.colcon_core.environment:create_environment_scripts_only(dynamic_follower)
[6.724s] INFO:colcon.colcon_core.shell:Creating package script '/home/antonio/ros2_ws/install/dynamic_follower/share/dynamic_follower/package.ps1'
[6.727s] INFO:colcon.colcon_core.shell:Creating package descriptor '/home/antonio/ros2_ws/install/dynamic_follower/share/dynamic_follower/package.dsv'
[6.733s] INFO:colcon.colcon_core.shell:Creating package script '/home/antonio/ros2_ws/install/dynamic_follower/share/dynamic_follower/package.sh'
[6.738s] INFO:colcon.colcon_core.shell:Creating package script '/home/antonio/ros2_ws/install/dynamic_follower/share/dynamic_follower/package.bash'
[6.742s] INFO:colcon.colcon_core.shell:Creating package script '/home/antonio/ros2_ws/install/dynamic_follower/share/dynamic_follower/package.zsh'
[6.746s] Level 1:colcon.colcon_core.environment:create_file_with_runtime_dependencies(/home/antonio/ros2_ws/install/dynamic_follower/share/colcon-core/packages/dynamic_follower)
[10.075s] DEBUG:colcon.colcon_core.event_handler.log_command:Invoked command in '/home/antonio/ros2_ws/build/two_wheeled_robot' returned '0': CMAKE_PREFIX_PATH=${CMAKE_PREFIX_PATH}:/home/antonio/ros2_ws/install/dynamic_follower:/opt/ros/humble /usr/bin/cmake /home/antonio/ros2_ws/src/two_wheeled_robot -DCMAKE_INSTALL_PREFIX=/home/antonio/ros2_ws/install/two_wheeled_robot
[10.077s] DEBUG:colcon.colcon_core.event_handler.log_command:Invoking command in '/home/antonio/ros2_ws/build/two_wheeled_robot': CMAKE_PREFIX_PATH=${CMAKE_PREFIX_PATH}:/home/antonio/ros2_ws/install/dynamic_follower:/opt/ros/humble /usr/bin/cmake --build /home/antonio/ros2_ws/build/two_wheeled_robot -- -j6 -l6
[10.459s] DEBUG:colcon.colcon_core.event_handler.log_command:Invoked command in '/home/antonio/ros2_ws/build/two_wheeled_robot' returned '0': CMAKE_PREFIX_PATH=${CMAKE_PREFIX_PATH}:/home/antonio/ros2_ws/install/dynamic_follower:/opt/ros/humble /usr/bin/cmake --build /home/antonio/ros2_ws/build/two_wheeled_robot -- -j6 -l6
[10.468s] DEBUG:colcon.colcon_core.event_handler.log_command:Invoking command in '/home/antonio/ros2_ws/build/two_wheeled_robot': CMAKE_PREFIX_PATH=${CMAKE_PREFIX_PATH}:/home/antonio/ros2_ws/install/dynamic_follower:/opt/ros/humble /usr/bin/cmake --install /home/antonio/ros2_ws/build/two_wheeled_robot
[10.477s] Level 1:colcon.colcon_core.environment:create_environment_scripts_only(two_wheeled_robot)
[10.477s] DEBUG:colcon.colcon_core.event_handler.log_command:Invoked command in '/home/antonio/ros2_ws/build/two_wheeled_robot' returned '1': CMAKE_PREFIX_PATH=${CMAKE_PREFIX_PATH}:/home/antonio/ros2_ws/install/dynamic_follower:/opt/ros/humble /usr/bin/cmake --install /home/antonio/ros2_ws/build/two_wheeled_robot
[10.477s] Level 1:colcon.colcon_core.environment:checking '/home/antonio/ros2_ws/install/two_wheeled_robot' for CMake module files
[10.478s] Level 1:colcon.colcon_core.environment:checking '/home/antonio/ros2_ws/install/two_wheeled_robot' for CMake config files
[10.478s] Level 1:colcon.colcon_core.environment:checking '/home/antonio/ros2_ws/install/two_wheeled_robot/bin'
[10.478s] Level 1:colcon.colcon_core.environment:checking '/home/antonio/ros2_ws/install/two_wheeled_robot/lib/pkgconfig/two_wheeled_robot.pc'
[10.478s] Level 1:colcon.colcon_core.environment:checking '/home/antonio/ros2_ws/install/two_wheeled_robot/lib/python3.10/site-packages'
[10.478s] Level 1:colcon.colcon_core.environment:checking '/home/antonio/ros2_ws/install/two_wheeled_robot/bin'
[10.478s] INFO:colcon.colcon_core.shell:Creating package script '/home/antonio/ros2_ws/install/two_wheeled_robot/share/two_wheeled_robot/package.ps1'
[10.479s] INFO:colcon.colcon_core.shell:Creating package descriptor '/home/antonio/ros2_ws/install/two_wheeled_robot/share/two_wheeled_robot/package.dsv'
[10.479s] INFO:colcon.colcon_core.shell:Creating package script '/home/antonio/ros2_ws/install/two_wheeled_robot/share/two_wheeled_robot/package.sh'
[10.480s] INFO:colcon.colcon_core.shell:Creating package script '/home/antonio/ros2_ws/install/two_wheeled_robot/share/two_wheeled_robot/package.bash'
[10.480s] INFO:colcon.colcon_core.shell:Creating package script '/home/antonio/ros2_ws/install/two_wheeled_robot/share/two_wheeled_robot/package.zsh'
[10.480s] Level 1:colcon.colcon_core.environment:create_file_with_runtime_dependencies(/home/antonio/ros2_ws/install/two_wheeled_robot/share/colcon-core/packages/two_wheeled_robot)
[10.491s] DEBUG:colcon.colcon_parallel_executor.executor.parallel:closing loop
[10.491s] DEBUG:colcon.colcon_parallel_executor.executor.parallel:loop closed
[10.491s] DEBUG:colcon.colcon_parallel_executor.executor.parallel:run_until_complete finished with '1'
[10.491s] DEBUG:colcon.colcon_core.event_reactor:joining thread
[10.557s] INFO:colcon.colcon_core.plugin_system:Skipping extension 'colcon_notification.desktop_notification.terminal_notifier': Not used on non-Darwin systems
[10.557s] INFO:colcon.colcon_core.plugin_system:Skipping extension 'colcon_notification.desktop_notification.win32': Not used on non-Windows systems
[10.557s] INFO:colcon.colcon_notification.desktop_notification:Sending desktop notification using 'notify2'
[10.669s] DEBUG:colcon.colcon_core.event_reactor:joined thread
[10.670s] INFO:colcon.colcon_core.shell:Creating prefix script '/home/antonio/ros2_ws/install/local_setup.ps1'
[10.674s] INFO:colcon.colcon_core.shell:Creating prefix util module '/home/antonio/ros2_ws/install/_local_setup_util_ps1.py'
[10.683s] INFO:colcon.colcon_core.shell:Creating prefix chain script '/home/antonio/ros2_ws/install/setup.ps1'
[10.690s] INFO:colcon.colcon_core.shell:Creating prefix script '/home/antonio/ros2_ws/install/local_setup.sh'
[10.695s] INFO:colcon.colcon_core.shell:Creating prefix util module '/home/antonio/ros2_ws/install/_local_setup_util_sh.py'
[10.698s] INFO:colcon.colcon_core.shell:Creating prefix chain script '/home/antonio/ros2_ws/install/setup.sh'
[10.704s] INFO:colcon.colcon_core.shell:Creating prefix script '/home/antonio/ros2_ws/install/local_setup.bash'
[10.706s] INFO:colcon.colcon_core.shell:Creating prefix chain script '/home/antonio/ros2_ws/install/setup.bash'
[10.710s] INFO:colcon.colcon_core.shell:Creating prefix script '/home/antonio/ros2_ws/install/local_setup.zsh'
[10.713s] INFO:colcon.colcon_core.shell:Creating prefix chain script '/home/antonio/ros2_ws/install/setup.zsh'
