/home/antonio/ros2_ws/install/dynamic_follower/lib/python3.10/site-packages/dynamic_follower/follower_simul.py
/home/antonio/ros2_ws/install/dynamic_follower/lib/python3.10/site-packages/dynamic_follower/follower_node.py
/home/antonio/ros2_ws/install/dynamic_follower/lib/python3.10/site-packages/dynamic_follower/__init__.py
/home/antonio/ros2_ws/install/dynamic_follower/lib/python3.10/site-packages/dynamic_follower/turtle_goal_listener.py
/home/antonio/ros2_ws/install/dynamic_follower/lib/python3.10/site-packages/dynamic_follower/goal_publisher.py
/home/antonio/ros2_ws/install/dynamic_follower/lib/python3.10/site-packages/dynamic_follower/__pycache__/follower_simul.cpython-310.pyc
/home/antonio/ros2_ws/install/dynamic_follower/lib/python3.10/site-packages/dynamic_follower/__pycache__/follower_node.cpython-310.pyc
/home/antonio/ros2_ws/install/dynamic_follower/lib/python3.10/site-packages/dynamic_follower/__pycache__/__init__.cpython-310.pyc
/home/antonio/ros2_ws/install/dynamic_follower/lib/python3.10/site-packages/dynamic_follower/__pycache__/turtle_goal_listener.cpython-310.pyc
/home/antonio/ros2_ws/install/dynamic_follower/lib/python3.10/site-packages/dynamic_follower/__pycache__/goal_publisher.cpython-310.pyc
/home/antonio/ros2_ws/install/dynamic_follower/share/ament_index/resource_index/packages/dynamic_follower
/home/antonio/ros2_ws/install/dynamic_follower/share/dynamic_follower/package.xml
/home/antonio/ros2_ws/install/dynamic_follower/share/dynamic_follower/launch/bringup.launch.py
/home/antonio/ros2_ws/install/dynamic_follower/lib/python3.10/site-packages/dynamic_follower-0.0.1-py3.10.egg-info/entry_points.txt
/home/antonio/ros2_ws/install/dynamic_follower/lib/python3.10/site-packages/dynamic_follower-0.0.1-py3.10.egg-info/dependency_links.txt
/home/antonio/ros2_ws/install/dynamic_follower/lib/python3.10/site-packages/dynamic_follower-0.0.1-py3.10.egg-info/top_level.txt
/home/antonio/ros2_ws/install/dynamic_follower/lib/python3.10/site-packages/dynamic_follower-0.0.1-py3.10.egg-info/SOURCES.txt
/home/antonio/ros2_ws/install/dynamic_follower/lib/python3.10/site-packages/dynamic_follower-0.0.1-py3.10.egg-info/PKG-INFO
/home/antonio/ros2_ws/install/dynamic_follower/lib/python3.10/site-packages/dynamic_follower-0.0.1-py3.10.egg-info/zip-safe
/home/antonio/ros2_ws/install/dynamic_follower/lib/python3.10/site-packages/dynamic_follower-0.0.1-py3.10.egg-info/requires.txt
/home/antonio/ros2_ws/install/dynamic_follower/lib/dynamic_follower/follower_node
