[0.390s] DEBUG:colcon:Command line arguments: ['/home/antonio/.local/bin/colcon', 'build']
[0.390s] DEBUG:colcon:Parsed command line arguments: Namespace(log_base=None, log_level=None, verb_name='build', build_base='build', install_base='install', merge_install=False, symlink_install=False, test_result_base=None, continue_on_error=False, executor='parallel', parallel_workers=6, event_handlers=None, ignore_user_meta=False, metas=['./colcon.meta'], base_paths=['.'], packages_ignore=None, packages_ignore_regex=None, paths=None, packages_up_to=None, packages_up_to_regex=None, packages_above=None, packages_above_and_dependencies=None, packages_above_depth=None, packages_select_by_dep=None, packages_skip_by_dep=None, packages_skip_up_to=None, packages_select_build_failed=False, packages_skip_build_finished=False, packages_select_test_failures=False, packages_skip_test_passed=False, packages_select=None, packages_skip=None, packages_select_regex=None, packages_skip_regex=None, packages_start=None, packages_end=None, allow_overriding=[], cmake_args=None, cmake_target=None, cmake_target_skip_unavailable=False, cmake_clean_cache=False, cmake_clean_first=False, cmake_force_configure=False, ament_cmake_args=None, catkin_cmake_args=None, catkin_skip_building_tests=False, mixin_files=None, mixin=None, verb_parser=<colcon_mixin.mixin.mixin_argument.MixinArgumentDecorator object at 0x7b74e1b1ada0>, verb_extension=<colcon_core.verb.build.BuildVerb object at 0x7b74e1c50370>, main=<bound method BuildVerb.main of <colcon_core.verb.build.BuildVerb object at 0x7b74e1c50370>>, mixin_verb=('build',))
[0.464s] Level 1:colcon.colcon_core.package_discovery:discover_packages(colcon_meta) check parameters
[0.464s] Level 1:colcon.colcon_core.package_discovery:discover_packages(recursive) check parameters
[0.464s] Level 1:colcon.colcon_core.package_discovery:discover_packages(ignore) check parameters
[0.464s] Level 1:colcon.colcon_core.package_discovery:discover_packages(path) check parameters
[0.464s] Level 1:colcon.colcon_core.package_discovery:discover_packages(colcon_meta) discover
[0.464s] Level 1:colcon.colcon_core.package_discovery:discover_packages(recursive) discover
[0.464s] INFO:colcon.colcon_core.package_discovery:Crawling recursively for packages in '/home/antonio/ros2_ws'
[0.464s] Level 1:colcon.colcon_core.package_identification:_identify(.) by extensions ['ignore', 'ignore_ament_install']
[0.464s] Level 1:colcon.colcon_core.package_identification:_identify(.) by extension 'ignore'
[0.465s] Level 1:colcon.colcon_core.package_identification:_identify(.) by extension 'ignore_ament_install'
[0.465s] Level 1:colcon.colcon_core.package_identification:_identify(.) by extensions ['colcon_pkg']
[0.465s] Level 1:colcon.colcon_core.package_identification:_identify(.) by extension 'colcon_pkg'
[0.465s] Level 1:colcon.colcon_core.package_identification:_identify(.) by extensions ['colcon_meta']
[0.465s] Level 1:colcon.colcon_core.package_identification:_identify(.) by extension 'colcon_meta'
[0.465s] Level 1:colcon.colcon_core.package_identification:_identify(.) by extensions ['ros']
[0.465s] Level 1:colcon.colcon_core.package_identification:_identify(.) by extension 'ros'
[0.478s] Level 1:colcon.colcon_core.package_identification:_identify(.) by extensions ['cmake', 'python']
[0.478s] Level 1:colcon.colcon_core.package_identification:_identify(.) by extension 'cmake'
[0.478s] Level 1:colcon.colcon_core.package_identification:_identify(.) by extension 'python'
[0.478s] Level 1:colcon.colcon_core.package_identification:_identify(.) by extensions ['python_setup_py']
[0.478s] Level 1:colcon.colcon_core.package_identification:_identify(.) by extension 'python_setup_py'
[0.478s] Level 1:colcon.colcon_core.package_identification:_identify(build) by extensions ['ignore', 'ignore_ament_install']
[0.479s] Level 1:colcon.colcon_core.package_identification:_identify(build) by extension 'ignore'
[0.479s] Level 1:colcon.colcon_core.package_identification:_identify(build) ignored
[0.479s] Level 1:colcon.colcon_core.package_identification:_identify(install) by extensions ['ignore', 'ignore_ament_install']
[0.479s] Level 1:colcon.colcon_core.package_identification:_identify(install) by extension 'ignore'
[0.479s] Level 1:colcon.colcon_core.package_identification:_identify(install) ignored
[0.479s] Level 1:colcon.colcon_core.package_identification:_identify(log) by extensions ['ignore', 'ignore_ament_install']
[0.479s] Level 1:colcon.colcon_core.package_identification:_identify(log) by extension 'ignore'
[0.479s] Level 1:colcon.colcon_core.package_identification:_identify(log) ignored
[0.479s] Level 1:colcon.colcon_core.package_identification:_identify(src) by extensions ['ignore', 'ignore_ament_install']
[0.479s] Level 1:colcon.colcon_core.package_identification:_identify(src) by extension 'ignore'
[0.479s] Level 1:colcon.colcon_core.package_identification:_identify(src) by extension 'ignore_ament_install'
[0.479s] Level 1:colcon.colcon_core.package_identification:_identify(src) by extensions ['colcon_pkg']
[0.479s] Level 1:colcon.colcon_core.package_identification:_identify(src) by extension 'colcon_pkg'
[0.479s] Level 1:colcon.colcon_core.package_identification:_identify(src) by extensions ['colcon_meta']
[0.479s] Level 1:colcon.colcon_core.package_identification:_identify(src) by extension 'colcon_meta'
[0.479s] Level 1:colcon.colcon_core.package_identification:_identify(src) by extensions ['ros']
[0.479s] Level 1:colcon.colcon_core.package_identification:_identify(src) by extension 'ros'
[0.480s] Level 1:colcon.colcon_core.package_identification:_identify(src) by extensions ['cmake', 'python']
[0.480s] Level 1:colcon.colcon_core.package_identification:_identify(src) by extension 'cmake'
[0.480s] Level 1:colcon.colcon_core.package_identification:_identify(src) by extension 'python'
[0.480s] Level 1:colcon.colcon_core.package_identification:_identify(src) by extensions ['python_setup_py']
[0.480s] Level 1:colcon.colcon_core.package_identification:_identify(src) by extension 'python_setup_py'
[0.480s] Level 1:colcon.colcon_core.package_identification:_identify(src/dynamic_follower) by extensions ['ignore', 'ignore_ament_install']
[0.480s] Level 1:colcon.colcon_core.package_identification:_identify(src/dynamic_follower) by extension 'ignore'
[0.480s] Level 1:colcon.colcon_core.package_identification:_identify(src/dynamic_follower) by extension 'ignore_ament_install'
[0.480s] Level 1:colcon.colcon_core.package_identification:_identify(src/dynamic_follower) by extensions ['colcon_pkg']
[0.480s] Level 1:colcon.colcon_core.package_identification:_identify(src/dynamic_follower) by extension 'colcon_pkg'
[0.480s] Level 1:colcon.colcon_core.package_identification:_identify(src/dynamic_follower) by extensions ['colcon_meta']
[0.480s] Level 1:colcon.colcon_core.package_identification:_identify(src/dynamic_follower) by extension 'colcon_meta'
[0.480s] Level 1:colcon.colcon_core.package_identification:_identify(src/dynamic_follower) by extensions ['ros']
[0.480s] Level 1:colcon.colcon_core.package_identification:_identify(src/dynamic_follower) by extension 'ros'
[0.482s] DEBUG:colcon.colcon_core.package_identification:Package 'src/dynamic_follower' with type 'ros.ament_python' and name 'dynamic_follower'
[0.482s] Level 1:colcon.colcon_core.package_identification:_identify(src/two_wheeled_robot) by extensions ['ignore', 'ignore_ament_install']
[0.482s] Level 1:colcon.colcon_core.package_identification:_identify(src/two_wheeled_robot) by extension 'ignore'
[0.482s] Level 1:colcon.colcon_core.package_identification:_identify(src/two_wheeled_robot) by extension 'ignore_ament_install'
[0.482s] Level 1:colcon.colcon_core.package_identification:_identify(src/two_wheeled_robot) by extensions ['colcon_pkg']
[0.482s] Level 1:colcon.colcon_core.package_identification:_identify(src/two_wheeled_robot) by extension 'colcon_pkg'
[0.482s] Level 1:colcon.colcon_core.package_identification:_identify(src/two_wheeled_robot) by extensions ['colcon_meta']
[0.482s] Level 1:colcon.colcon_core.package_identification:_identify(src/two_wheeled_robot) by extension 'colcon_meta'
[0.482s] Level 1:colcon.colcon_core.package_identification:_identify(src/two_wheeled_robot) by extensions ['ros']
[0.482s] Level 1:colcon.colcon_core.package_identification:_identify(src/two_wheeled_robot) by extension 'ros'
[0.483s] DEBUG:colcon.colcon_core.package_identification:Package 'src/two_wheeled_robot' with type 'ros.ament_cmake' and name 'two_wheeled_robot'
[0.483s] Level 1:colcon.colcon_core.package_discovery:discover_packages(recursive) using defaults
[0.483s] Level 1:colcon.colcon_core.package_discovery:discover_packages(ignore) discover
[0.483s] Level 1:colcon.colcon_core.package_discovery:discover_packages(ignore) using defaults
[0.483s] Level 1:colcon.colcon_core.package_discovery:discover_packages(path) discover
[0.483s] Level 1:colcon.colcon_core.package_discovery:discover_packages(path) using defaults
[0.518s] Level 1:colcon.colcon_core.package_discovery:discover_packages(prefix_path) check parameters
[0.518s] Level 1:colcon.colcon_core.package_discovery:discover_packages(prefix_path) discover
[0.528s] WARNING:colcon.colcon_core.prefix_path.colcon:The path '/home/antonio/ros2_ws/src/install' in the environment variable COLCON_PREFIX_PATH doesn't exist
[0.528s] WARNING:colcon.colcon_ros.prefix_path.ament:The path '/home/antonio/ros2_ws/src/install/dynamic_follower' in the environment variable AMENT_PREFIX_PATH doesn't exist
[0.528s] WARNING:colcon.colcon_ros.prefix_path.catkin:The path '/home/antonio/ros2_ws/src/install/dynamic_follower' in the environment variable CMAKE_PREFIX_PATH doesn't exist
[0.532s] DEBUG:colcon.colcon_installed_package_information.package_discovery:Found 2 installed packages in /home/antonio/ros2_ws/install
[0.533s] DEBUG:colcon.colcon_installed_package_information.package_discovery:Found 328 installed packages in /opt/ros/humble
[0.534s] Level 1:colcon.colcon_core.package_discovery:discover_packages(prefix_path) using defaults
[1.066s] Level 5:colcon.colcon_core.verb:set package 'dynamic_follower' build argument 'cmake_args' from command line to 'None'
[1.066s] Level 5:colcon.colcon_core.verb:set package 'dynamic_follower' build argument 'cmake_target' from command line to 'None'
[1.066s] Level 5:colcon.colcon_core.verb:set package 'dynamic_follower' build argument 'cmake_target_skip_unavailable' from command line to 'False'
[1.066s] Level 5:colcon.colcon_core.verb:set package 'dynamic_follower' build argument 'cmake_clean_cache' from command line to 'False'
[1.066s] Level 5:colcon.colcon_core.verb:set package 'dynamic_follower' build argument 'cmake_clean_first' from command line to 'False'
[1.066s] Level 5:colcon.colcon_core.verb:set package 'dynamic_follower' build argument 'cmake_force_configure' from command line to 'False'
[1.066s] Level 5:colcon.colcon_core.verb:set package 'dynamic_follower' build argument 'ament_cmake_args' from command line to 'None'
[1.066s] Level 5:colcon.colcon_core.verb:set package 'dynamic_follower' build argument 'catkin_cmake_args' from command line to 'None'
[1.066s] Level 5:colcon.colcon_core.verb:set package 'dynamic_follower' build argument 'catkin_skip_building_tests' from command line to 'False'
[1.066s] DEBUG:colcon.colcon_core.verb:Building package 'dynamic_follower' with the following arguments: {'ament_cmake_args': None, 'build_base': '/home/antonio/ros2_ws/build/dynamic_follower', 'catkin_cmake_args': None, 'catkin_skip_building_tests': False, 'cmake_args': None, 'cmake_clean_cache': False, 'cmake_clean_first': False, 'cmake_force_configure': False, 'cmake_target': None, 'cmake_target_skip_unavailable': False, 'install_base': '/home/antonio/ros2_ws/install/dynamic_follower', 'merge_install': False, 'path': '/home/antonio/ros2_ws/src/dynamic_follower', 'symlink_install': False, 'test_result_base': None}
[1.066s] Level 5:colcon.colcon_core.verb:set package 'two_wheeled_robot' build argument 'cmake_args' from command line to 'None'
[1.066s] Level 5:colcon.colcon_core.verb:set package 'two_wheeled_robot' build argument 'cmake_target' from command line to 'None'
[1.066s] Level 5:colcon.colcon_core.verb:set package 'two_wheeled_robot' build argument 'cmake_target_skip_unavailable' from command line to 'False'
[1.067s] Level 5:colcon.colcon_core.verb:set package 'two_wheeled_robot' build argument 'cmake_clean_cache' from command line to 'False'
[1.067s] Level 5:colcon.colcon_core.verb:set package 'two_wheeled_robot' build argument 'cmake_clean_first' from command line to 'False'
[1.067s] Level 5:colcon.colcon_core.verb:set package 'two_wheeled_robot' build argument 'cmake_force_configure' from command line to 'False'
[1.067s] Level 5:colcon.colcon_core.verb:set package 'two_wheeled_robot' build argument 'ament_cmake_args' from command line to 'None'
[1.067s] Level 5:colcon.colcon_core.verb:set package 'two_wheeled_robot' build argument 'catkin_cmake_args' from command line to 'None'
[1.067s] Level 5:colcon.colcon_core.verb:set package 'two_wheeled_robot' build argument 'catkin_skip_building_tests' from command line to 'False'
[1.067s] DEBUG:colcon.colcon_core.verb:Building package 'two_wheeled_robot' with the following arguments: {'ament_cmake_args': None, 'build_base': '/home/antonio/ros2_ws/build/two_wheeled_robot', 'catkin_cmake_args': None, 'catkin_skip_building_tests': False, 'cmake_args': None, 'cmake_clean_cache': False, 'cmake_clean_first': False, 'cmake_force_configure': False, 'cmake_target': None, 'cmake_target_skip_unavailable': False, 'install_base': '/home/antonio/ros2_ws/install/two_wheeled_robot', 'merge_install': False, 'path': '/home/antonio/ros2_ws/src/two_wheeled_robot', 'symlink_install': False, 'test_result_base': None}
[1.067s] INFO:colcon.colcon_core.executor:Executing jobs using 'parallel' executor
[1.068s] DEBUG:colcon.colcon_parallel_executor.executor.parallel:run_until_complete
[1.068s] INFO:colcon.colcon_ros.task.ament_python.build:Building ROS package in '/home/antonio/ros2_ws/src/dynamic_follower' with build type 'ament_python'
[1.068s] Level 1:colcon.colcon_core.shell:create_environment_hook('dynamic_follower', 'ament_prefix_path')
[1.088s] INFO:colcon.colcon_core.plugin_system:Skipping extension 'colcon_core.shell.bat': Not used on non-Windows systems
[1.088s] INFO:colcon.colcon_core.shell:Creating environment hook '/home/antonio/ros2_ws/install/dynamic_follower/share/dynamic_follower/hook/ament_prefix_path.ps1'
[1.089s] INFO:colcon.colcon_core.shell:Creating environment descriptor '/home/antonio/ros2_ws/install/dynamic_follower/share/dynamic_follower/hook/ament_prefix_path.dsv'
[1.089s] INFO:colcon.colcon_core.shell:Creating environment hook '/home/antonio/ros2_ws/install/dynamic_follower/share/dynamic_follower/hook/ament_prefix_path.sh'
[1.090s] INFO:colcon.colcon_core.shell:Skip shell extension 'powershell' for command environment: Not usable outside of PowerShell
[1.090s] DEBUG:colcon.colcon_core.shell:Skip shell extension 'dsv' for command environment
[1.093s] INFO:colcon.colcon_ros.task.ament_cmake.build:Building ROS package in '/home/antonio/ros2_ws/src/two_wheeled_robot' with build type 'ament_cmake'
[1.093s] INFO:colcon.colcon_cmake.task.cmake.build:Building CMake package in '/home/antonio/ros2_ws/src/two_wheeled_robot'
[1.093s] INFO:colcon.colcon_core.shell:Skip shell extension 'powershell' for command environment: Not usable outside of PowerShell
[1.093s] DEBUG:colcon.colcon_core.shell:Skip shell extension 'dsv' for command environment
[1.303s] INFO:colcon.colcon_core.task.python.build:Building Python package in '/home/antonio/ros2_ws/src/dynamic_follower'
[1.303s] INFO:colcon.colcon_core.shell:Skip shell extension 'powershell' for command environment: Not usable outside of PowerShell
[1.303s] DEBUG:colcon.colcon_core.shell:Skip shell extension 'dsv' for command environment
[1.312s] DEBUG:colcon.colcon_core.event_handler.log_command:Invoking command in '/home/antonio/ros2_ws/build/two_wheeled_robot': CMAKE_PREFIX_PATH=${CMAKE_PREFIX_PATH}:/home/antonio/ros2_ws/install/dynamic_follower:/opt/ros/humble /usr/bin/cmake --build /home/antonio/ros2_ws/build/two_wheeled_robot -- -j6 -l6
[2.070s] DEBUG:colcon.colcon_core.event_handler.log_command:Invoking command in '/home/antonio/ros2_ws/src/dynamic_follower': PYTHONPATH=/home/antonio/ros2_ws/build/dynamic_follower/prefix_override:/home/antonio/.local/lib/python3.10/site-packages/colcon_core/task/python/colcon_distutils_commands:/home/antonio/ros2_ws/install/dynamic_follower/lib/python3.10/site-packages:${PYTHONPATH} /usr/bin/python3 -W ignore:setup.py install is deprecated -W ignore:easy_install command is deprecated setup.py egg_info --egg-base ../../build/dynamic_follower build --build-base /home/antonio/ros2_ws/build/dynamic_follower/build install --record /home/antonio/ros2_ws/build/dynamic_follower/install.log --single-version-externally-managed install_data
[2.626s] DEBUG:colcon.colcon_core.event_handler.log_command:Invoked command in '/home/antonio/ros2_ws/src/dynamic_follower' returned '0': PYTHONPATH=/home/antonio/ros2_ws/build/dynamic_follower/prefix_override:/home/antonio/.local/lib/python3.10/site-packages/colcon_core/task/python/colcon_distutils_commands:/home/antonio/ros2_ws/install/dynamic_follower/lib/python3.10/site-packages:${PYTHONPATH} /usr/bin/python3 -W ignore:setup.py install is deprecated -W ignore:easy_install command is deprecated setup.py egg_info --egg-base ../../build/dynamic_follower build --build-base /home/antonio/ros2_ws/build/dynamic_follower/build install --record /home/antonio/ros2_ws/build/dynamic_follower/install.log --single-version-externally-managed install_data
[2.652s] Level 1:colcon.colcon_core.environment:checking '/home/antonio/ros2_ws/install/dynamic_follower' for CMake module files
[2.653s] Level 1:colcon.colcon_core.environment:checking '/home/antonio/ros2_ws/install/dynamic_follower' for CMake config files
[2.653s] Level 1:colcon.colcon_core.environment:checking '/home/antonio/ros2_ws/install/dynamic_follower/lib'
[2.653s] Level 1:colcon.colcon_core.environment:checking '/home/antonio/ros2_ws/install/dynamic_follower/bin'
[2.654s] Level 1:colcon.colcon_core.environment:checking '/home/antonio/ros2_ws/install/dynamic_follower/lib/pkgconfig/dynamic_follower.pc'
[2.654s] Level 1:colcon.colcon_core.environment:checking '/home/antonio/ros2_ws/install/dynamic_follower/lib/python3.10/site-packages'
[2.654s] Level 1:colcon.colcon_core.shell:create_environment_hook('dynamic_follower', 'pythonpath')
[2.654s] INFO:colcon.colcon_core.shell:Creating environment hook '/home/antonio/ros2_ws/install/dynamic_follower/share/dynamic_follower/hook/pythonpath.ps1'
[2.655s] INFO:colcon.colcon_core.shell:Creating environment descriptor '/home/antonio/ros2_ws/install/dynamic_follower/share/dynamic_follower/hook/pythonpath.dsv'
[2.655s] INFO:colcon.colcon_core.shell:Creating environment hook '/home/antonio/ros2_ws/install/dynamic_follower/share/dynamic_follower/hook/pythonpath.sh'
[2.655s] Level 1:colcon.colcon_core.environment:checking '/home/antonio/ros2_ws/install/dynamic_follower/bin'
[2.655s] Level 1:colcon.colcon_core.environment:create_environment_scripts_only(dynamic_follower)
[2.656s] INFO:colcon.colcon_core.shell:Creating package script '/home/antonio/ros2_ws/install/dynamic_follower/share/dynamic_follower/package.ps1'
[2.656s] INFO:colcon.colcon_core.shell:Creating package descriptor '/home/antonio/ros2_ws/install/dynamic_follower/share/dynamic_follower/package.dsv'
[2.657s] INFO:colcon.colcon_core.shell:Creating package script '/home/antonio/ros2_ws/install/dynamic_follower/share/dynamic_follower/package.sh'
[2.657s] INFO:colcon.colcon_core.shell:Creating package script '/home/antonio/ros2_ws/install/dynamic_follower/share/dynamic_follower/package.bash'
[2.658s] INFO:colcon.colcon_core.shell:Creating package script '/home/antonio/ros2_ws/install/dynamic_follower/share/dynamic_follower/package.zsh'
[2.659s] Level 1:colcon.colcon_core.environment:create_file_with_runtime_dependencies(/home/antonio/ros2_ws/install/dynamic_follower/share/colcon-core/packages/dynamic_follower)
[4.723s] DEBUG:colcon.colcon_core.event_handler.log_command:Invoked command in '/home/antonio/ros2_ws/build/two_wheeled_robot' returned '0': CMAKE_PREFIX_PATH=${CMAKE_PREFIX_PATH}:/home/antonio/ros2_ws/install/dynamic_follower:/opt/ros/humble /usr/bin/cmake --build /home/antonio/ros2_ws/build/two_wheeled_robot -- -j6 -l6
[4.732s] DEBUG:colcon.colcon_core.event_handler.log_command:Invoking command in '/home/antonio/ros2_ws/build/two_wheeled_robot': CMAKE_PREFIX_PATH=${CMAKE_PREFIX_PATH}:/home/antonio/ros2_ws/install/dynamic_follower:/opt/ros/humble /usr/bin/cmake --install /home/antonio/ros2_ws/build/two_wheeled_robot
[4.998s] Level 1:colcon.colcon_core.environment:create_environment_scripts_only(two_wheeled_robot)
[4.999s] Level 1:colcon.colcon_core.environment:checking '/home/antonio/ros2_ws/install/two_wheeled_robot' for CMake module files
[5.004s] Level 1:colcon.colcon_core.environment:checking '/home/antonio/ros2_ws/install/two_wheeled_robot' for CMake config files
[5.047s] Level 1:colcon.colcon_core.shell:create_environment_hook('two_wheeled_robot', 'cmake_prefix_path')
[5.048s] INFO:colcon.colcon_core.shell:Creating environment hook '/home/antonio/ros2_ws/install/two_wheeled_robot/share/two_wheeled_robot/hook/cmake_prefix_path.ps1'
[5.049s] INFO:colcon.colcon_core.shell:Creating environment descriptor '/home/antonio/ros2_ws/install/two_wheeled_robot/share/two_wheeled_robot/hook/cmake_prefix_path.dsv'
[5.050s] INFO:colcon.colcon_core.shell:Creating environment hook '/home/antonio/ros2_ws/install/two_wheeled_robot/share/two_wheeled_robot/hook/cmake_prefix_path.sh'
[5.053s] Level 1:colcon.colcon_core.environment:checking '/home/antonio/ros2_ws/install/two_wheeled_robot/lib'
[5.053s] Level 1:colcon.colcon_core.environment:checking '/home/antonio/ros2_ws/install/two_wheeled_robot/bin'
[5.053s] Level 1:colcon.colcon_core.environment:checking '/home/antonio/ros2_ws/install/two_wheeled_robot/lib/pkgconfig/two_wheeled_robot.pc'
[5.054s] Level 1:colcon.colcon_core.environment:checking '/home/antonio/ros2_ws/install/two_wheeled_robot/lib/python3.10/site-packages'
[5.054s] Level 1:colcon.colcon_core.environment:checking '/home/antonio/ros2_ws/install/two_wheeled_robot/bin'
[5.054s] INFO:colcon.colcon_core.shell:Creating package script '/home/antonio/ros2_ws/install/two_wheeled_robot/share/two_wheeled_robot/package.ps1'
[5.055s] INFO:colcon.colcon_core.shell:Creating package descriptor '/home/antonio/ros2_ws/install/two_wheeled_robot/share/two_wheeled_robot/package.dsv'
[5.057s] INFO:colcon.colcon_core.shell:Creating package script '/home/antonio/ros2_ws/install/two_wheeled_robot/share/two_wheeled_robot/package.sh'
[5.059s] INFO:colcon.colcon_core.shell:Creating package script '/home/antonio/ros2_ws/install/two_wheeled_robot/share/two_wheeled_robot/package.bash'
[5.061s] INFO:colcon.colcon_core.shell:Creating package script '/home/antonio/ros2_ws/install/two_wheeled_robot/share/two_wheeled_robot/package.zsh'
[5.063s] Level 1:colcon.colcon_core.environment:create_file_with_runtime_dependencies(/home/antonio/ros2_ws/install/two_wheeled_robot/share/colcon-core/packages/two_wheeled_robot)
[5.067s] Level 1:colcon.colcon_core.environment:create_environment_scripts_only(two_wheeled_robot)
[5.067s] Level 1:colcon.colcon_core.environment:checking '/home/antonio/ros2_ws/install/two_wheeled_robot' for CMake module files
[5.074s] Level 1:colcon.colcon_core.environment:checking '/home/antonio/ros2_ws/install/two_wheeled_robot' for CMake config files
[5.115s] Level 1:colcon.colcon_core.shell:create_environment_hook('two_wheeled_robot', 'cmake_prefix_path')
[5.116s] INFO:colcon.colcon_core.shell:Creating environment hook '/home/antonio/ros2_ws/install/two_wheeled_robot/share/two_wheeled_robot/hook/cmake_prefix_path.ps1'
[5.118s] INFO:colcon.colcon_core.shell:Creating environment descriptor '/home/antonio/ros2_ws/install/two_wheeled_robot/share/two_wheeled_robot/hook/cmake_prefix_path.dsv'
[5.120s] INFO:colcon.colcon_core.shell:Creating environment hook '/home/antonio/ros2_ws/install/two_wheeled_robot/share/two_wheeled_robot/hook/cmake_prefix_path.sh'
[5.123s] Level 1:colcon.colcon_core.environment:checking '/home/antonio/ros2_ws/install/two_wheeled_robot/lib'
[5.124s] Level 1:colcon.colcon_core.environment:checking '/home/antonio/ros2_ws/install/two_wheeled_robot/bin'
[5.124s] Level 1:colcon.colcon_core.environment:checking '/home/antonio/ros2_ws/install/two_wheeled_robot/lib/pkgconfig/two_wheeled_robot.pc'
[5.125s] Level 1:colcon.colcon_core.environment:checking '/home/antonio/ros2_ws/install/two_wheeled_robot/lib/python3.10/site-packages'
[5.125s] Level 1:colcon.colcon_core.environment:checking '/home/antonio/ros2_ws/install/two_wheeled_robot/bin'
[5.125s] INFO:colcon.colcon_core.shell:Creating package script '/home/antonio/ros2_ws/install/two_wheeled_robot/share/two_wheeled_robot/package.ps1'
[5.127s] INFO:colcon.colcon_core.shell:Creating package descriptor '/home/antonio/ros2_ws/install/two_wheeled_robot/share/two_wheeled_robot/package.dsv'
[5.130s] INFO:colcon.colcon_core.shell:Creating package script '/home/antonio/ros2_ws/install/two_wheeled_robot/share/two_wheeled_robot/package.sh'
[5.133s] INFO:colcon.colcon_core.shell:Creating package script '/home/antonio/ros2_ws/install/two_wheeled_robot/share/two_wheeled_robot/package.bash'
[5.135s] INFO:colcon.colcon_core.shell:Creating package script '/home/antonio/ros2_ws/install/two_wheeled_robot/share/two_wheeled_robot/package.zsh'
[5.138s] Level 1:colcon.colcon_core.environment:create_file_with_runtime_dependencies(/home/antonio/ros2_ws/install/two_wheeled_robot/share/colcon-core/packages/two_wheeled_robot)
[5.140s] DEBUG:colcon.colcon_parallel_executor.executor.parallel:closing loop
[5.140s] DEBUG:colcon.colcon_parallel_executor.executor.parallel:loop closed
[5.140s] DEBUG:colcon.colcon_parallel_executor.executor.parallel:run_until_complete finished with '0'
[5.140s] DEBUG:colcon.colcon_core.event_reactor:joining thread
[5.233s] DEBUG:colcon.colcon_core.event_handler.log_command:Invoked command in '/home/antonio/ros2_ws/build/two_wheeled_robot' returned '0': CMAKE_PREFIX_PATH=${CMAKE_PREFIX_PATH}:/home/antonio/ros2_ws/install/dynamic_follower:/opt/ros/humble /usr/bin/cmake --install /home/antonio/ros2_ws/build/two_wheeled_robot
[5.237s] INFO:colcon.colcon_core.plugin_system:Skipping extension 'colcon_notification.desktop_notification.terminal_notifier': Not used on non-Darwin systems
[5.237s] INFO:colcon.colcon_core.plugin_system:Skipping extension 'colcon_notification.desktop_notification.win32': Not used on non-Windows systems
[5.237s] INFO:colcon.colcon_notification.desktop_notification:Sending desktop notification using 'notify2'
[5.247s] DEBUG:colcon.colcon_core.event_reactor:joined thread
[5.247s] INFO:colcon.colcon_core.shell:Creating prefix script '/home/antonio/ros2_ws/install/local_setup.ps1'
[5.248s] INFO:colcon.colcon_core.shell:Creating prefix util module '/home/antonio/ros2_ws/install/_local_setup_util_ps1.py'
[5.249s] INFO:colcon.colcon_core.shell:Creating prefix chain script '/home/antonio/ros2_ws/install/setup.ps1'
[5.250s] INFO:colcon.colcon_core.shell:Creating prefix script '/home/antonio/ros2_ws/install/local_setup.sh'
[5.251s] INFO:colcon.colcon_core.shell:Creating prefix util module '/home/antonio/ros2_ws/install/_local_setup_util_sh.py'
[5.251s] INFO:colcon.colcon_core.shell:Creating prefix chain script '/home/antonio/ros2_ws/install/setup.sh'
[5.252s] INFO:colcon.colcon_core.shell:Creating prefix script '/home/antonio/ros2_ws/install/local_setup.bash'
[5.253s] INFO:colcon.colcon_core.shell:Creating prefix chain script '/home/antonio/ros2_ws/install/setup.bash'
[5.254s] INFO:colcon.colcon_core.shell:Creating prefix script '/home/antonio/ros2_ws/install/local_setup.zsh'
[5.254s] INFO:colcon.colcon_core.shell:Creating prefix chain script '/home/antonio/ros2_ws/install/setup.zsh'
